[debug] [2025-04-12T13:48:23.468Z] ----------------------------------------------------------------------
[debug] [2025-04-12T13:48:23.470Z] Command:       C:\Program Files\nodejs\node.exe C:\Users\campa\AppData\Roaming\npm\node_modules\firebase-tools\lib\bin\firebase.js emulators:start --only functions
[debug] [2025-04-12T13:48:23.471Z] CLI Version:   14.1.0
[debug] [2025-04-12T13:48:23.471Z] Platform:      win32
[debug] [2025-04-12T13:48:23.471Z] Node Version:  v22.14.0
[debug] [2025-04-12T13:48:23.471Z] Time:          Sat Apr 12 2025 15:48:23 GMT+0200 (Ora legale dell’Europa centrale)
[debug] [2025-04-12T13:48:23.471Z] ----------------------------------------------------------------------
[debug] 
[debug] [2025-04-12T13:48:23.656Z] Object "/emulators/functions" in "firebase.json" has unknown property: {"additionalProperty":"protocol"}
[debug] [2025-04-12T13:48:23.661Z] > command requires scopes: ["email","openid","https://www.googleapis.com/auth/cloudplatformprojects.readonly","https://www.googleapis.com/auth/firebase","https://www.googleapis.com/auth/cloud-platform"]
[debug] [2025-04-12T13:48:23.662Z] > authorizing via signed-in user (campanagianni97@gmail.com)
[info] i  emulators: Starting emulators: functions {"metadata":{"emulator":{"name":"hub"},"message":"Starting emulators: functions"}}
[debug] [2025-04-12T13:48:23.669Z] [logging] Logging Emulator only supports listening on one address (127.0.0.1). Not listening on ::1
[debug] [2025-04-12T13:48:23.669Z] assigned listening specs for emulators {"user":{"hub":[{"address":"0.0.0.0","family":"IPv4","port":4400}],"ui":[{"address":"0.0.0.0","family":"IPv4","port":4000}],"logging":[{"address":"127.0.0.1","family":"IPv4","port":4500}]},"metadata":{"message":"assigned listening specs for emulators"}}
[debug] [2025-04-12T13:48:23.673Z] [hub] writing locator at C:\Users\campa\AppData\Local\Temp\hub-mealstogo-eea47.json
[debug] [2025-04-12T13:48:23.687Z] [eventarc] Eventarc Emulator only supports listening on one address (127.0.0.1). Not listening on ::1
[debug] [2025-04-12T13:48:23.687Z] [tasks] Cloud Tasks Emulator only supports listening on one address (127.0.0.1). Not listening on ::1
[debug] [2025-04-12T13:48:23.687Z] late-assigned ports for functions and eventarc emulators {"user":{"hub":[{"address":"0.0.0.0","family":"IPv4","port":4400}],"ui":[{"address":"0.0.0.0","family":"IPv4","port":4000}],"logging":[{"address":"127.0.0.1","family":"IPv4","port":4500}],"functions":[{"address":"0.0.0.0","family":"IPv4","port":8080}],"eventarc":[{"address":"127.0.0.1","family":"IPv4","port":9299}],"tasks":[{"address":"127.0.0.1","family":"IPv4","port":9499}]},"metadata":{"message":"late-assigned ports for functions and eventarc emulators"}}
[warn] !  functions: The following emulators are not running, calls to these services from the Functions emulator will affect production: apphosting, auth, firestore, database, hosting, pubsub, storage, dataconnect {"metadata":{"emulator":{"name":"functions"},"message":"The following emulators are not running, calls to these services from the Functions emulator will affect production: \u001b[1mapphosting, auth, firestore, database, hosting, pubsub, storage, dataconnect\u001b[22m"}}
[debug] [2025-04-12T13:48:23.701Z] defaultcredentials: writing to file C:\Users\campa\AppData\Roaming\firebase\campanagianni97_gmail_com_application_default_credentials.json
[debug] [2025-04-12T13:48:23.703Z] Setting GAC to C:\Users\campa\AppData\Roaming\firebase\campanagianni97_gmail_com_application_default_credentials.json {"metadata":{"emulator":{"name":"functions"},"message":"Setting GAC to C:\\Users\\campa\\AppData\\Roaming\\firebase\\campanagianni97_gmail_com_application_default_credentials.json"}}
[debug] [2025-04-12T13:48:23.703Z] Checked if tokens are valid: false, expires at: 1744466565594
[debug] [2025-04-12T13:48:23.703Z] Checked if tokens are valid: false, expires at: 1744466565594
[debug] [2025-04-12T13:48:23.704Z] > refreshing access token with scopes: []
[debug] [2025-04-12T13:48:23.705Z] >>> [apiv2][query] POST https://www.googleapis.com/oauth2/v3/token [none]
[debug] [2025-04-12T13:48:23.705Z] >>> [apiv2][body] POST https://www.googleapis.com/oauth2/v3/token [omitted]
[debug] [2025-04-12T13:48:23.819Z] <<< [apiv2][status] POST https://www.googleapis.com/oauth2/v3/token 200
[debug] [2025-04-12T13:48:23.819Z] <<< [apiv2][body] POST https://www.googleapis.com/oauth2/v3/token [omitted]
[debug] [2025-04-12T13:48:23.835Z] >>> [apiv2][query] GET https://firebase.googleapis.com/v1beta1/projects/mealstogo-eea47/adminSdkConfig [none]
[debug] [2025-04-12T13:48:24.125Z] <<< [apiv2][status] GET https://firebase.googleapis.com/v1beta1/projects/mealstogo-eea47/adminSdkConfig 200
[debug] [2025-04-12T13:48:24.125Z] <<< [apiv2][body] GET https://firebase.googleapis.com/v1beta1/projects/mealstogo-eea47/adminSdkConfig {"projectId":"mealstogo-eea47","storageBucket":"mealstogo-eea47.firebasestorage.app"}
[info] i  functions: Watching "C:\Users\campa\ATTIVITA\Progetti\MealsToGo\functions" for Cloud Functions... {"metadata":{"emulator":{"name":"functions"},"message":"Watching \"C:\\Users\\campa\\ATTIVITA\\Progetti\\MealsToGo\\functions\" for Cloud Functions..."}}
[debug] [2025-04-12T13:48:24.158Z] Validating nodejs source
[debug] [2025-04-12T13:48:25.090Z] > [functions] package.json contents: {
  "name": "functions",
  "description": "Cloud Functions for Firebase",
  "scripts": {
    "serve": "firebase emulators:start --only functions",
    "shell": "firebase functions:shell",
    "start": "npm run shell",
    "deploy": "firebase deploy --only functions",
    "logs": "firebase functions:log"
  },
  "engines": {
    "node": "22"
  },
  "main": "index.js",
  "dependencies": {
    "firebase-admin": "^12.6.0",
    "firebase-functions": "^6.0.1"
  },
  "devDependencies": {
    "firebase-functions-test": "^3.1.0"
  },
  "private": true
}
[debug] [2025-04-12T13:48:25.090Z] Building nodejs source
[debug] [2025-04-12T13:48:25.090Z] Failed to find version of module node: reached end of search path C:\Users\campa\ATTIVITA\Progetti\MealsToGo\functions\node_modules
[info] +  functions: Using node@22 from host. 
[debug] [2025-04-12T13:48:25.092Z] Could not find functions.yaml. Must use http discovery
[debug] [2025-04-12T13:48:25.097Z] Found firebase-functions binary at 'C:\Users\campa\ATTIVITA\Progetti\MealsToGo\functions\node_modules\.bin\firebase-functions'
[info] Serving at port 8676

[error] ReferenceError: Client is not defined
    at Object.<anonymous> (C:\Users\campa\ATTIVITA\Progetti\MealsToGo\functions\index.js:7:26)
    at Module._compile (node:internal/modules/cjs/loader:1554:14)
    at Object..js (node:internal/modules/cjs/loader:1706:10)
    at Module.load (node:internal/modules/cjs/loader:1289:32)
    at Function._load (node:internal/modules/cjs/loader:1108:12)
    at TracingChannel.traceSync (node:diagnostics_channel:322:14)
    at wrapModuleLoad (node:internal/modules/cjs/loader:220:24)
    at Module.require (node:internal/modules/cjs/loader:1311:12)
    at require (node:internal/modules/helpers:136:16)
    at loadModule (C:\Users\campa\ATTIVITA\Progetti\MealsToGo\functions\node_modules\firebase-functions\lib\runtime\loader.js:40:16)

[debug] [2025-04-12T13:48:25.790Z] Got response code 400; body Failed to generate manifest from function source: ReferenceError: Client is not defined
[error] !!  functions: Failed to load function definition from source: FirebaseError: Functions codebase could not be analyzed successfully. It may have a syntax or runtime error {"metadata":{"emulator":{"name":"functions"},"message":"Failed to load function definition from source: FirebaseError: Functions codebase could not be analyzed successfully. It may have a syntax or runtime error"}}
[debug] [2025-04-12T13:48:29.839Z] Could not find VSCode notification endpoint: FetchError: request to http://localhost:40001/vscode/notify failed, reason: . If you are not running the Firebase Data Connect VSCode extension, this is expected and not an issue.
[info] 
┌─────────────────────────────────────────────────────────────┐
│ ✔  All emulators ready! It is now safe to connect your app. │
│ i  View Emulator UI at http://127.0.0.1:4000/               │
└─────────────────────────────────────────────────────────────┘

┌───────────┬──────────────┬─────────────────────────────────┐
│ Emulator  │ Host:Port    │ View in Emulator UI             │
├───────────┼──────────────┼─────────────────────────────────┤
│ Functions │ 0.0.0.0:8080 │ http://127.0.0.1:4000/functions │
└───────────┴──────────────┴─────────────────────────────────┘
  Emulator Hub host: 127.0.0.1 port: 4400
  Other reserved ports: 4500

Issues? Report them at https://github.com/firebase/firebase-tools/issues and attach the *-debug.log files.
 
[debug] [2025-04-12T13:48:49.644Z] File C:\Users\campa\ATTIVITA\Progetti\MealsToGo\functions\index.js changed, reloading triggers {"metadata":{"emulator":{"name":"functions"},"message":"File C:\\Users\\campa\\ATTIVITA\\Progetti\\MealsToGo\\functions\\index.js changed, reloading triggers"}}
[debug] [2025-04-12T13:48:50.658Z] Validating nodejs source
[debug] [2025-04-12T13:48:52.007Z] > [functions] package.json contents: {
  "name": "functions",
  "description": "Cloud Functions for Firebase",
  "scripts": {
    "serve": "firebase emulators:start --only functions",
    "shell": "firebase functions:shell",
    "start": "npm run shell",
    "deploy": "firebase deploy --only functions",
    "logs": "firebase functions:log"
  },
  "engines": {
    "node": "22"
  },
  "main": "index.js",
  "dependencies": {
    "firebase-admin": "^12.6.0",
    "firebase-functions": "^6.0.1"
  },
  "devDependencies": {
    "firebase-functions-test": "^3.1.0"
  },
  "private": true
}
[debug] [2025-04-12T13:48:52.007Z] Building nodejs source
[debug] [2025-04-12T13:48:52.008Z] Failed to find version of module node: reached end of search path C:\Users\campa\ATTIVITA\Progetti\MealsToGo\functions\node_modules
[info] +  functions: Using node@22 from host. 
[debug] [2025-04-12T13:48:52.011Z] Could not find functions.yaml. Must use http discovery
[debug] [2025-04-12T13:48:52.022Z] Found firebase-functions binary at 'C:\Users\campa\ATTIVITA\Progetti\MealsToGo\functions\node_modules\.bin\firebase-functions'
[info] Serving at port 8918

[error] C:\Users\campa\ATTIVITA\Progetti\MealsToGo\functions\index.js:8
 */
 ^

SyntaxError: Unexpected token '*'
    at wrapSafe (node:internal/modules/cjs/loader:1486:18)
    at Module._compile (node:internal/modules/cjs/loader:1528:20)
    at Object..js (node:internal/modules/cjs/loader:1706:10)
    at Module.load (node:internal/modules/cjs/loader:1289:32)
    at Function._load (node:internal/modules/cjs/loader:1108:12)
    at TracingChannel.traceSync (node:diagnostics_channel:322:14)
    at wrapModuleLoad (node:internal/modules/cjs/loader:220:24)
    at Module.require (node:internal/modules/cjs/loader:1311:12)
    at require (node:internal/modules/helpers:136:16)
    at loadModule (C:\Users\campa\ATTIVITA\Progetti\MealsToGo\functions\node_modules\firebase-functions\lib\runtime\loader.js:40:16)

[debug] [2025-04-12T13:48:52.425Z] Got response code 400; body Failed to generate manifest from function source: SyntaxError: Unexpected token '*'
[error] !!  functions: Failed to load function definition from source: FirebaseError: Functions codebase could not be analyzed successfully. It may have a syntax or runtime error {"metadata":{"emulator":{"name":"functions"},"message":"Failed to load function definition from source: FirebaseError: Functions codebase could not be analyzed successfully. It may have a syntax or runtime error"}}
[debug] [2025-04-12T13:48:57.238Z] File C:\Users\campa\ATTIVITA\Progetti\MealsToGo\functions\index.js changed, reloading triggers {"metadata":{"emulator":{"name":"functions"},"message":"File C:\\Users\\campa\\ATTIVITA\\Progetti\\MealsToGo\\functions\\index.js changed, reloading triggers"}}
[debug] [2025-04-12T13:48:58.252Z] Validating nodejs source
[debug] [2025-04-12T13:48:59.337Z] > [functions] package.json contents: {
  "name": "functions",
  "description": "Cloud Functions for Firebase",
  "scripts": {
    "serve": "firebase emulators:start --only functions",
    "shell": "firebase functions:shell",
    "start": "npm run shell",
    "deploy": "firebase deploy --only functions",
    "logs": "firebase functions:log"
  },
  "engines": {
    "node": "22"
  },
  "main": "index.js",
  "dependencies": {
    "firebase-admin": "^12.6.0",
    "firebase-functions": "^6.0.1"
  },
  "devDependencies": {
    "firebase-functions-test": "^3.1.0"
  },
  "private": true
}
[debug] [2025-04-12T13:48:59.337Z] Building nodejs source
[debug] [2025-04-12T13:48:59.337Z] Failed to find version of module node: reached end of search path C:\Users\campa\ATTIVITA\Progetti\MealsToGo\functions\node_modules
[info] +  functions: Using node@22 from host. 
[debug] [2025-04-12T13:48:59.338Z] Could not find functions.yaml. Must use http discovery
[debug] [2025-04-12T13:48:59.343Z] Found firebase-functions binary at 'C:\Users\campa\ATTIVITA\Progetti\MealsToGo\functions\node_modules\.bin\firebase-functions'
[info] Serving at port 8476

[debug] [2025-04-12T13:49:00.071Z] Got response from /__/functions.yaml {"endpoints":{"geocode":{"availableMemoryMb":null,"timeoutSeconds":null,"minInstances":null,"maxInstances":null,"ingressSettings":null,"concurrency":null,"serviceAccountEmail":null,"vpc":null,"platform":"gcfv2","labels":{},"httpsTrigger":{},"entryPoint":"geocode"},"placesNearby":{"availableMemoryMb":null,"timeoutSeconds":null,"minInstances":null,"maxInstances":null,"ingressSettings":null,"concurrency":null,"serviceAccountEmail":null,"vpc":null,"platform":"gcfv2","labels":{},"httpsTrigger":{},"entryPoint":"placesNearby"}},"specVersion":"v1alpha1","requiredAPIs":[],"extensions":{}}
[info] +  functions: Loaded functions definitions from source: geocode, placesNearby. {"metadata":{"emulator":{"name":"functions"},"message":"Loaded functions definitions from source: geocode, placesNearby."}}
[info] +  functions[us-central1-geocode]: http function initialized (http://127.0.0.1:8080/mealstogo-eea47/us-central1/geocode). {"metadata":{"emulator":{"name":"functions"},"message":"\u001b[1mhttp\u001b[22m function initialized (http://127.0.0.1:8080/mealstogo-eea47/us-central1/geocode)."}}
[info] +  functions[us-central1-placesNearby]: http function initialized (http://127.0.0.1:8080/mealstogo-eea47/us-central1/placesNearby). {"metadata":{"emulator":{"name":"functions"},"message":"\u001b[1mhttp\u001b[22m function initialized (http://127.0.0.1:8080/mealstogo-eea47/us-central1/placesNearby)."}}
